[35m[1mScanning dependencies of target _dope_skill_msgs_generate_messages_check_deps_DopeSkillFeedback[0m
[35m[1mScanning dependencies of target _dope_skill_msgs_generate_messages_check_deps_DopeSkillAction[0m
[35m[1mScanning dependencies of target geometry_msgs_generate_messages_cpp[0m
[35m[1mScanning dependencies of target actionlib_msgs_generate_messages_cpp[0m
[35m[1mScanning dependencies of target _dope_skill_msgs_generate_messages_check_deps_DopeSkillActionResult[0m
[35m[1mScanning dependencies of target std_msgs_generate_messages_cpp[0m
[35m[1mScanning dependencies of target _dope_skill_msgs_generate_messages_check_deps_DopeSkillGoal[0m
[35m[1mScanning dependencies of target actionlib_msgs_generate_messages_nodejs[0m
[35m[1mScanning dependencies of target _dope_skill_msgs_generate_messages_check_deps_DopeSkillActionGoal[0m
[35m[1mScanning dependencies of target _dope_skill_msgs_generate_messages_check_deps_DopeSkillActionFeedback[0m
[35m[1mScanning dependencies of target _dope_skill_msgs_generate_messages_check_deps_DopeSkillResult[0m
[35m[1mScanning dependencies of target geometry_msgs_generate_messages_nodejs[0m
[  0%] Built target geometry_msgs_generate_messages_cpp
[  0%] Built target std_msgs_generate_messages_cpp
[  0%] Built target actionlib_msgs_generate_messages_cpp
[  0%] Built target actionlib_msgs_generate_messages_nodejs
[  0%] Built target geometry_msgs_generate_messages_nodejs
[35m[1mScanning dependencies of target std_msgs_generate_messages_nodejs[0m
[35m[1mScanning dependencies of target actionlib_msgs_generate_messages_lisp[0m
[35m[1mScanning dependencies of target std_msgs_generate_messages_lisp[0m
[35m[1mScanning dependencies of target geometry_msgs_generate_messages_lisp[0m
[35m[1mScanning dependencies of target std_msgs_generate_messages_eus[0m
[  0%] Built target geometry_msgs_generate_messages_lisp
[  0%] Built target std_msgs_generate_messages_lisp
[  0%] Built target std_msgs_generate_messages_nodejs
[  0%] Built target actionlib_msgs_generate_messages_lisp
[  0%] Built target std_msgs_generate_messages_eus
[35m[1mScanning dependencies of target actionlib_msgs_generate_messages_py[0m
[35m[1mScanning dependencies of target actionlib_msgs_generate_messages_eus[0m
[35m[1mScanning dependencies of target geometry_msgs_generate_messages_eus[0m
[35m[1mScanning dependencies of target std_msgs_generate_messages_py[0m
[  0%] Built target _dope_skill_msgs_generate_messages_check_deps_DopeSkillFeedback
[  0%] Built target _dope_skill_msgs_generate_messages_check_deps_DopeSkillActionFeedback
[  0%] Built target _dope_skill_msgs_generate_messages_check_deps_DopeSkillGoal
[  0%] Built target _dope_skill_msgs_generate_messages_check_deps_DopeSkillAction
[35m[1mScanning dependencies of target geometry_msgs_generate_messages_py[0m
[  0%] Built target _dope_skill_msgs_generate_messages_check_deps_DopeSkillResult
[  0%] Built target _dope_skill_msgs_generate_messages_check_deps_DopeSkillActionGoal
[  0%] Built target _dope_skill_msgs_generate_messages_check_deps_DopeSkillActionResult
[  0%] Built target actionlib_msgs_generate_messages_eus
[  0%] Built target std_msgs_generate_messages_py
[  0%] Built target actionlib_msgs_generate_messages_py
[  0%] Built target geometry_msgs_generate_messages_eus
[  0%] Built target geometry_msgs_generate_messages_py
[35m[1mScanning dependencies of target dope_skill_msgs_generate_messages_lisp[0m
[35m[1mScanning dependencies of target dope_skill_msgs_generate_messages_nodejs[0m
[35m[1mScanning dependencies of target dope_skill_msgs_generate_messages_cpp[0m
[35m[1mScanning dependencies of target dope_skill_msgs_generate_messages_eus[0m
[35m[1mScanning dependencies of target dope_skill_msgs_generate_messages_py[0m
[ 16%] [34m[1mGenerating Javascript code from dope_skill_msgs/DopeSkillActionGoal.msg[0m
[ 16%] [34m[1mGenerating Lisp code from dope_skill_msgs/DopeSkillAction.msg[0m
[ 16%] [34m[1mGenerating Javascript code from dope_skill_msgs/DopeSkillActionResult.msg[0m
[ 16%] [34m[1mGenerating C++ code from dope_skill_msgs/DopeSkillAction.msg[0m
[ 18%] [34m[1mGenerating C++ code from dope_skill_msgs/DopeSkillActionFeedback.msg[0m
[ 16%] [34m[1mGenerating Lisp code from dope_skill_msgs/DopeSkillActionGoal.msg[0m
[ 21%] [34m[1mGenerating EusLisp code from dope_skill_msgs/DopeSkillAction.msg[0m
[ 16%] [34m[1mGenerating C++ code from dope_skill_msgs/DopeSkillActionGoal.msg[0m
[ 24%] [34m[1mGenerating Javascript code from dope_skill_msgs/DopeSkillAction.msg[0m
[ 29%] [34m[1mGenerating Lisp code from dope_skill_msgs/DopeSkillActionResult.msg[0m
[ 29%] [34m[1mGenerating C++ code from dope_skill_msgs/DopeSkillActionResult.msg[0m
[ 32%] [34m[1mGenerating Python from MSG dope_skill_msgs/DopeSkillAction[0m
[ 40%] [34m[1mGenerating C++ code from dope_skill_msgs/DopeSkillGoal.msg[0m
[ 40%] [34m[1mGenerating Lisp code from dope_skill_msgs/DopeSkillGoal.msg[0m
[ 40%] [34m[1mGenerating Lisp code from dope_skill_msgs/DopeSkillActionFeedback.msg[0m
[ 43%] [34m[1mGenerating EusLisp code from dope_skill_msgs/DopeSkillActionGoal.msg[0m
[ 48%] [34m[1mGenerating Javascript code from dope_skill_msgs/DopeSkillActionFeedback.msg[0m
[ 48%] [34m[1mGenerating C++ code from dope_skill_msgs/DopeSkillResult.msg[0m
[ 51%] [34m[1mGenerating Lisp code from dope_skill_msgs/DopeSkillResult.msg[0m
[ 54%] [34m[1mGenerating Lisp code from dope_skill_msgs/DopeSkillFeedback.msg[0m
[ 56%] [34m[1mGenerating Javascript code from dope_skill_msgs/DopeSkillGoal.msg[0m
[ 59%] [34m[1mGenerating Python from MSG dope_skill_msgs/DopeSkillActionGoal[0m
[ 62%] [34m[1mGenerating C++ code from dope_skill_msgs/DopeSkillFeedback.msg[0m
[ 64%] [34m[1mGenerating Python from MSG dope_skill_msgs/DopeSkillActionResult[0m
[ 67%] [34m[1mGenerating EusLisp code from dope_skill_msgs/DopeSkillActionResult.msg[0m
[ 70%] [34m[1mGenerating EusLisp code from dope_skill_msgs/DopeSkillActionFeedback.msg[0m
[ 72%] [34m[1mGenerating Python from MSG dope_skill_msgs/DopeSkillActionFeedback[0m
[ 75%] [34m[1mGenerating Javascript code from dope_skill_msgs/DopeSkillResult.msg[0m
[ 75%] Built target dope_skill_msgs_generate_messages_lisp
[ 78%] [34m[1mGenerating Javascript code from dope_skill_msgs/DopeSkillFeedback.msg[0m
[ 81%] [34m[1mGenerating EusLisp code from dope_skill_msgs/DopeSkillGoal.msg[0m
[ 83%] [34m[1mGenerating EusLisp code from dope_skill_msgs/DopeSkillResult.msg[0m
[ 86%] [34m[1mGenerating Python from MSG dope_skill_msgs/DopeSkillGoal[0m
[ 89%] [34m[1mGenerating EusLisp code from dope_skill_msgs/DopeSkillFeedback.msg[0m
[ 91%] [34m[1mGenerating Python from MSG dope_skill_msgs/DopeSkillResult[0m
[ 94%] [34m[1mGenerating Python from MSG dope_skill_msgs/DopeSkillFeedback[0m
[ 97%] [34m[1mGenerating EusLisp manifest code for dope_skill_msgs[0m
[ 97%] Built target dope_skill_msgs_generate_messages_nodejs
[ 97%] Built target dope_skill_msgs_generate_messages_cpp
[100%] [34m[1mGenerating Python msg __init__.py for dope_skill_msgs[0m
[100%] Built target dope_skill_msgs_generate_messages_py
[100%] Built target dope_skill_msgs_generate_messages_eus
[35m[1mScanning dependencies of target dope_skill_msgs_generate_messages[0m
[100%] Built target dope_skill_msgs_generate_messages
