Symlinking /home/bruno/ros_ws/ws_personal/devel/share/common-lisp/ros/dope_skill_msgs/msg/_package_DopeSkillResult.lisp
Symlinking /home/bruno/ros_ws/ws_personal/devel/share/common-lisp/ros/dope_skill_msgs/msg/DopeSkillActionResult.lisp
Symlinking /home/bruno/ros_ws/ws_personal/devel/share/common-lisp/ros/dope_skill_msgs/msg/DopeSkillActionGoal.lisp
Symlinking /home/bruno/ros_ws/ws_personal/devel/share/common-lisp/ros/dope_skill_msgs/msg/_package_DopeSkillActionGoal.lisp
Symlinking /home/bruno/ros_ws/ws_personal/devel/share/common-lisp/ros/dope_skill_msgs/msg/DopeSkillGoal.lisp
Symlinking /home/bruno/ros_ws/ws_personal/devel/share/common-lisp/ros/dope_skill_msgs/msg/_package_DopeSkillActionFeedback.lisp
Symlinking /home/bruno/ros_ws/ws_personal/devel/share/common-lisp/ros/dope_skill_msgs/msg/DopeSkillAction.lisp
Symlinking /home/bruno/ros_ws/ws_personal/devel/share/common-lisp/ros/dope_skill_msgs/msg/DopeSkillResult.lisp
Symlinking /home/bruno/ros_ws/ws_personal/devel/share/common-lisp/ros/dope_skill_msgs/msg/_package_DopeSkillGoal.lisp
Symlinking /home/bruno/ros_ws/ws_personal/devel/share/common-lisp/ros/dope_skill_msgs/msg/_package_DopeSkillAction.lisp
Symlinking /home/bruno/ros_ws/ws_personal/devel/share/common-lisp/ros/dope_skill_msgs/msg/_package.lisp
Symlinking /home/bruno/ros_ws/ws_personal/devel/share/common-lisp/ros/dope_skill_msgs/msg/dope_skill_msgs-msg.asd
Symlinking /home/bruno/ros_ws/ws_personal/devel/share/common-lisp/ros/dope_skill_msgs/msg/DopeSkillFeedback.lisp
Symlinking /home/bruno/ros_ws/ws_personal/devel/share/common-lisp/ros/dope_skill_msgs/msg/DopeSkillActionFeedback.lisp
Symlinking /home/bruno/ros_ws/ws_personal/devel/share/common-lisp/ros/dope_skill_msgs/msg/_package_DopeSkillActionResult.lisp
Symlinking /home/bruno/ros_ws/ws_personal/devel/share/common-lisp/ros/dope_skill_msgs/msg/_package_DopeSkillFeedback.lisp
Symlinking /home/bruno/ros_ws/ws_personal/devel/share/roseus/ros/dope_skill_msgs/manifest.l
Symlinking /home/bruno/ros_ws/ws_personal/devel/share/roseus/ros/dope_skill_msgs/msg/DopeSkillFeedback.l
Symlinking /home/bruno/ros_ws/ws_personal/devel/share/roseus/ros/dope_skill_msgs/msg/DopeSkillAction.l
Symlinking /home/bruno/ros_ws/ws_personal/devel/share/roseus/ros/dope_skill_msgs/msg/DopeSkillActionGoal.l
Symlinking /home/bruno/ros_ws/ws_personal/devel/share/roseus/ros/dope_skill_msgs/msg/DopeSkillGoal.l
Symlinking /home/bruno/ros_ws/ws_personal/devel/share/roseus/ros/dope_skill_msgs/msg/DopeSkillActionFeedback.l
Symlinking /home/bruno/ros_ws/ws_personal/devel/share/roseus/ros/dope_skill_msgs/msg/DopeSkillResult.l
Symlinking /home/bruno/ros_ws/ws_personal/devel/share/roseus/ros/dope_skill_msgs/msg/DopeSkillActionResult.l
Symlinking /home/bruno/ros_ws/ws_personal/devel/share/gennodejs/ros/dope_skill_msgs/_index.js
Symlinking /home/bruno/ros_ws/ws_personal/devel/share/gennodejs/ros/dope_skill_msgs/msg/DopeSkillResult.js
Symlinking /home/bruno/ros_ws/ws_personal/devel/share/gennodejs/ros/dope_skill_msgs/msg/DopeSkillAction.js
Symlinking /home/bruno/ros_ws/ws_personal/devel/share/gennodejs/ros/dope_skill_msgs/msg/DopeSkillFeedback.js
Symlinking /home/bruno/ros_ws/ws_personal/devel/share/gennodejs/ros/dope_skill_msgs/msg/DopeSkillGoal.js
Symlinking /home/bruno/ros_ws/ws_personal/devel/share/gennodejs/ros/dope_skill_msgs/msg/_index.js
Symlinking /home/bruno/ros_ws/ws_personal/devel/share/gennodejs/ros/dope_skill_msgs/msg/DopeSkillActionFeedback.js
Symlinking /home/bruno/ros_ws/ws_personal/devel/share/gennodejs/ros/dope_skill_msgs/msg/DopeSkillActionGoal.js
Symlinking /home/bruno/ros_ws/ws_personal/devel/share/gennodejs/ros/dope_skill_msgs/msg/DopeSkillActionResult.js
Symlinking /home/bruno/ros_ws/ws_personal/devel/share/dope_skill_msgs/msg/DopeSkillGoal.msg
Symlinking /home/bruno/ros_ws/ws_personal/devel/share/dope_skill_msgs/msg/DopeSkillActionFeedback.msg
Symlinking /home/bruno/ros_ws/ws_personal/devel/share/dope_skill_msgs/msg/DopeSkillActionGoal.msg
Symlinking /home/bruno/ros_ws/ws_personal/devel/share/dope_skill_msgs/msg/DopeSkillAction.msg
Symlinking /home/bruno/ros_ws/ws_personal/devel/share/dope_skill_msgs/msg/DopeSkillActionResult.msg
Symlinking /home/bruno/ros_ws/ws_personal/devel/share/dope_skill_msgs/msg/DopeSkillResult.msg
Symlinking /home/bruno/ros_ws/ws_personal/devel/share/dope_skill_msgs/msg/DopeSkillFeedback.msg
Symlinking /home/bruno/ros_ws/ws_personal/devel/share/dope_skill_msgs/cmake/dope_skill_msgs-msg-extras.cmake
Symlinking /home/bruno/ros_ws/ws_personal/devel/share/dope_skill_msgs/cmake/dope_skill_msgs-msg-paths.cmake
Symlinking /home/bruno/ros_ws/ws_personal/devel/share/dope_skill_msgs/cmake/dope_skill_msgsConfig.cmake
Symlinking /home/bruno/ros_ws/ws_personal/devel/share/dope_skill_msgs/cmake/dope_skill_msgsConfig-version.cmake
Symlinking /home/bruno/ros_ws/ws_personal/devel/lib/python3/dist-packages/dope_skill_msgs/__init__.py
Symlinking /home/bruno/ros_ws/ws_personal/devel/lib/python3/dist-packages/dope_skill_msgs/msg/_DopeSkillResult.py
Symlinking /home/bruno/ros_ws/ws_personal/devel/lib/python3/dist-packages/dope_skill_msgs/msg/_DopeSkillActionGoal.py
Symlinking /home/bruno/ros_ws/ws_personal/devel/lib/python3/dist-packages/dope_skill_msgs/msg/_DopeSkillActionResult.py
Symlinking /home/bruno/ros_ws/ws_personal/devel/lib/python3/dist-packages/dope_skill_msgs/msg/_DopeSkillAction.py
Symlinking /home/bruno/ros_ws/ws_personal/devel/lib/python3/dist-packages/dope_skill_msgs/msg/__init__.py
Symlinking /home/bruno/ros_ws/ws_personal/devel/lib/python3/dist-packages/dope_skill_msgs/msg/_DopeSkillActionFeedback.py
Symlinking /home/bruno/ros_ws/ws_personal/devel/lib/python3/dist-packages/dope_skill_msgs/msg/_DopeSkillFeedback.py
Symlinking /home/bruno/ros_ws/ws_personal/devel/lib/python3/dist-packages/dope_skill_msgs/msg/_DopeSkillGoal.py
Symlinking /home/bruno/ros_ws/ws_personal/devel/lib/pkgconfig/dope_skill_msgs.pc
Symlinking /home/bruno/ros_ws/ws_personal/devel/include/dope_skill_msgs/DopeSkillActionGoal.h
Symlinking /home/bruno/ros_ws/ws_personal/devel/include/dope_skill_msgs/DopeSkillGoal.h
Symlinking /home/bruno/ros_ws/ws_personal/devel/include/dope_skill_msgs/DopeSkillAction.h
Symlinking /home/bruno/ros_ws/ws_personal/devel/include/dope_skill_msgs/DopeSkillResult.h
Symlinking /home/bruno/ros_ws/ws_personal/devel/include/dope_skill_msgs/DopeSkillActionFeedback.h
Symlinking /home/bruno/ros_ws/ws_personal/devel/include/dope_skill_msgs/DopeSkillActionResult.h
Symlinking /home/bruno/ros_ws/ws_personal/devel/include/dope_skill_msgs/DopeSkillFeedback.h
