[  0%] Built target actionlib_msgs_generate_messages_nodejs
[  0%] Built target std_msgs_generate_messages_cpp
[  0%] Built target geometry_msgs_generate_messages_cpp
[  0%] Built target actionlib_msgs_generate_messages_cpp
[  0%] Built target geometry_msgs_generate_messages_nodejs
[  0%] Built target std_msgs_generate_messages_nodejs
[  0%] Built target geometry_msgs_generate_messages_lisp
[  0%] Built target std_msgs_generate_messages_lisp
[  0%] Built target actionlib_msgs_generate_messages_lisp
[  0%] Built target std_msgs_generate_messages_eus
[  0%] Built target _dope_skill_msgs_generate_messages_check_deps_DopeSkillActionFeedback
[  0%] Built target _dope_skill_msgs_generate_messages_check_deps_DopeSkillActionGoal
[  0%] Built target _dope_skill_msgs_generate_messages_check_deps_DopeSkillAction
[  0%] Built target _dope_skill_msgs_generate_messages_check_deps_DopeSkillGoal
[  0%] Built target _dope_skill_msgs_generate_messages_check_deps_DopeSkillResult
[  0%] Built target _dope_skill_msgs_generate_messages_check_deps_DopeSkillFeedback
[  0%] Built target actionlib_msgs_generate_messages_py
[  0%] Built target geometry_msgs_generate_messages_eus
[  0%] Built target actionlib_msgs_generate_messages_eus
[  0%] Built target _dope_skill_msgs_generate_messages_check_deps_DopeSkillActionResult
[  0%] Built target std_msgs_generate_messages_py
[  0%] Built target geometry_msgs_generate_messages_py
[ 62%] Built target dope_skill_msgs_generate_messages_py
[ 62%] Built target dope_skill_msgs_generate_messages_cpp
[ 62%] Built target dope_skill_msgs_generate_messages_eus
[ 81%] Built target dope_skill_msgs_generate_messages_nodejs
[100%] Built target dope_skill_msgs_generate_messages_lisp
[100%] Built target dope_skill_msgs_generate_messages
