Not searching for unused variables given on the command line.
[36m--[0m The C compiler identification is GNU 9.4.0
[36m--[0m The CXX compiler identification is GNU 9.4.0
[36m--[0m Check for working C compiler: /usr/bin/cc
[36m--[0m Check for working C compiler: /usr/bin/cc -- works
[36m--[0m Detecting C compiler ABI info
[36m--[0m Detecting C compiler ABI info - done
[36m--[0m Detecting C compile features
[36m--[0m Detecting C compile features - done
[36m--[0m Check for working CXX compiler: /usr/bin/c++
[36m--[0m Check for working CXX compiler: /usr/bin/c++ -- works
[36m--[0m Detecting CXX compiler ABI info
[36m--[0m Detecting CXX compiler ABI info - done
[36m--[0m Detecting CXX compile features
[36m--[0m Detecting CXX compile features - done
[36m--[0m Using CATKIN_DEVEL_PREFIX: /home/bruno/ros_ws/ws_personal/devel/.private/dope_skill_msgs
[36m--[0m Using CMAKE_PREFIX_PATH: /home/bruno/ros_ws/ws_personal/devel;/opt/ros/noetic
[36m--[0m This workspace overlays: /home/bruno/ros_ws/ws_personal/devel;/opt/ros/noetic
[36m--[0m Found PythonInterp: /usr/bin/python3 (found suitable version "3.8.10", minimum required is "3")
[36m--[0m Using PYTHON_EXECUTABLE: /usr/bin/python3
[36m--[0m Using Debian Python package layout
[36m--[0m Found PY_em: /usr/lib/python3/dist-packages/em.py
[36m--[0m Using empy: /usr/lib/python3/dist-packages/em.py
[36m--[0m Using CATKIN_ENABLE_TESTING: ON
[36m--[0m Call enable_testing()
[36m--[0m Using CATKIN_TEST_RESULTS_DIR: /home/bruno/ros_ws/ws_personal/build/dope_skill_msgs/test_results
[36m--[0m Forcing gtest/gmock from source, though one was otherwise available.
[36m--[0m Found gtest sources under '/usr/src/googletest': gtests will be built
[36m--[0m Found gmock sources under '/usr/src/googletest': gmock will be built
[36m--[0m Found PythonInterp: /usr/bin/python3 (found version "3.8.10")
[36m--[0m Found Threads: TRUE
[36m--[0m Using Python nosetests: /usr/bin/nosetests3
[36m--[0m catkin 0.8.10
[36m--[0m BUILD_SHARED_LIBS is on
[36m--[0m Using these message generators: gencpp;geneus;genlisp;gennodejs;genpy
[36m--[0m Generating .msg files for action dope_skill_msgs/DopeSkill /home/bruno/ros_ws/ws_personal/src/dope_skill/dope_skill_msgs/action/DopeSkill.action
Generating for action DopeSkill
[31m[1mCMake Error[0m at /home/bruno/ros_ws/ws_personal/build/dope_skill_msgs/cmake/dope_skill_msgs-genmsg.cmake:3 (message):
  Could not find messages which
  '/home/bruno/ros_ws/ws_personal/devel/.private/dope_skill_msgs/share/dope_skill_msgs/msg/DopeSkillAction.msg'
  depends on.  Did you forget to specify generate_messages(DEPENDENCIES ...)?

  Cannot locate message [TransformStamped]: unknown package [geometry_msgs]
  on search path [{{'dope_skill_msgs':
  ['/home/bruno/ros_ws/ws_personal/devel/.private/dope_skill_msgs/share/dope_skill_msgs/msg'],
  'actionlib_msgs': ['/opt/ros/noetic/share/actionlib_msgs/cmake/../msg'],
  'std_msgs': ['/opt/ros/noetic/share/std_msgs/cmake/../msg']}}]
[36mCall Stack (most recent call first):[0m
  /opt/ros/noetic/share/genmsg/cmake/genmsg-extras.cmake:307 (include)
  CMakeLists.txt:17 (generate_messages)


[36m--[0m Configuring incomplete, errors occurred!
See also "/home/bruno/ros_ws/ws_personal/build/dope_skill_msgs/CMakeFiles/CMakeOutput.log".
See also "/home/bruno/ros_ws/ws_personal/build/dope_skill_msgs/CMakeFiles/CMakeError.log".
