Linked: (/home/bruno/ros_ws/ws_personal/devel/.private/dope_skill_msgs/share/common-lisp/ros/dope_skill_msgs/msg/_package_DopeSkillResult.lisp, /home/bruno/ros_ws/ws_personal/devel/share/common-lisp/ros/dope_skill_msgs/msg/_package_DopeSkillResult.lisp)
Linked: (/home/bruno/ros_ws/ws_personal/devel/.private/dope_skill_msgs/share/common-lisp/ros/dope_skill_msgs/msg/DopeSkillActionResult.lisp, /home/bruno/ros_ws/ws_personal/devel/share/common-lisp/ros/dope_skill_msgs/msg/DopeSkillActionResult.lisp)
Linked: (/home/bruno/ros_ws/ws_personal/devel/.private/dope_skill_msgs/share/common-lisp/ros/dope_skill_msgs/msg/DopeSkillActionGoal.lisp, /home/bruno/ros_ws/ws_personal/devel/share/common-lisp/ros/dope_skill_msgs/msg/DopeSkillActionGoal.lisp)
Linked: (/home/bruno/ros_ws/ws_personal/devel/.private/dope_skill_msgs/share/common-lisp/ros/dope_skill_msgs/msg/_package_DopeSkillActionGoal.lisp, /home/bruno/ros_ws/ws_personal/devel/share/common-lisp/ros/dope_skill_msgs/msg/_package_DopeSkillActionGoal.lisp)
Linked: (/home/bruno/ros_ws/ws_personal/devel/.private/dope_skill_msgs/share/common-lisp/ros/dope_skill_msgs/msg/DopeSkillGoal.lisp, /home/bruno/ros_ws/ws_personal/devel/share/common-lisp/ros/dope_skill_msgs/msg/DopeSkillGoal.lisp)
Linked: (/home/bruno/ros_ws/ws_personal/devel/.private/dope_skill_msgs/share/common-lisp/ros/dope_skill_msgs/msg/_package_DopeSkillActionFeedback.lisp, /home/bruno/ros_ws/ws_personal/devel/share/common-lisp/ros/dope_skill_msgs/msg/_package_DopeSkillActionFeedback.lisp)
Linked: (/home/bruno/ros_ws/ws_personal/devel/.private/dope_skill_msgs/share/common-lisp/ros/dope_skill_msgs/msg/DopeSkillAction.lisp, /home/bruno/ros_ws/ws_personal/devel/share/common-lisp/ros/dope_skill_msgs/msg/DopeSkillAction.lisp)
Linked: (/home/bruno/ros_ws/ws_personal/devel/.private/dope_skill_msgs/share/common-lisp/ros/dope_skill_msgs/msg/DopeSkillResult.lisp, /home/bruno/ros_ws/ws_personal/devel/share/common-lisp/ros/dope_skill_msgs/msg/DopeSkillResult.lisp)
Linked: (/home/bruno/ros_ws/ws_personal/devel/.private/dope_skill_msgs/share/common-lisp/ros/dope_skill_msgs/msg/_package_DopeSkillGoal.lisp, /home/bruno/ros_ws/ws_personal/devel/share/common-lisp/ros/dope_skill_msgs/msg/_package_DopeSkillGoal.lisp)
Linked: (/home/bruno/ros_ws/ws_personal/devel/.private/dope_skill_msgs/share/common-lisp/ros/dope_skill_msgs/msg/_package_DopeSkillAction.lisp, /home/bruno/ros_ws/ws_personal/devel/share/common-lisp/ros/dope_skill_msgs/msg/_package_DopeSkillAction.lisp)
Linked: (/home/bruno/ros_ws/ws_personal/devel/.private/dope_skill_msgs/share/common-lisp/ros/dope_skill_msgs/msg/_package.lisp, /home/bruno/ros_ws/ws_personal/devel/share/common-lisp/ros/dope_skill_msgs/msg/_package.lisp)
Linked: (/home/bruno/ros_ws/ws_personal/devel/.private/dope_skill_msgs/share/common-lisp/ros/dope_skill_msgs/msg/dope_skill_msgs-msg.asd, /home/bruno/ros_ws/ws_personal/devel/share/common-lisp/ros/dope_skill_msgs/msg/dope_skill_msgs-msg.asd)
Linked: (/home/bruno/ros_ws/ws_personal/devel/.private/dope_skill_msgs/share/common-lisp/ros/dope_skill_msgs/msg/DopeSkillFeedback.lisp, /home/bruno/ros_ws/ws_personal/devel/share/common-lisp/ros/dope_skill_msgs/msg/DopeSkillFeedback.lisp)
Linked: (/home/bruno/ros_ws/ws_personal/devel/.private/dope_skill_msgs/share/common-lisp/ros/dope_skill_msgs/msg/DopeSkillActionFeedback.lisp, /home/bruno/ros_ws/ws_personal/devel/share/common-lisp/ros/dope_skill_msgs/msg/DopeSkillActionFeedback.lisp)
Linked: (/home/bruno/ros_ws/ws_personal/devel/.private/dope_skill_msgs/share/common-lisp/ros/dope_skill_msgs/msg/_package_DopeSkillActionResult.lisp, /home/bruno/ros_ws/ws_personal/devel/share/common-lisp/ros/dope_skill_msgs/msg/_package_DopeSkillActionResult.lisp)
Linked: (/home/bruno/ros_ws/ws_personal/devel/.private/dope_skill_msgs/share/common-lisp/ros/dope_skill_msgs/msg/_package_DopeSkillFeedback.lisp, /home/bruno/ros_ws/ws_personal/devel/share/common-lisp/ros/dope_skill_msgs/msg/_package_DopeSkillFeedback.lisp)
Linked: (/home/bruno/ros_ws/ws_personal/devel/.private/dope_skill_msgs/share/roseus/ros/dope_skill_msgs/manifest.l, /home/bruno/ros_ws/ws_personal/devel/share/roseus/ros/dope_skill_msgs/manifest.l)
Linked: (/home/bruno/ros_ws/ws_personal/devel/.private/dope_skill_msgs/share/roseus/ros/dope_skill_msgs/msg/DopeSkillFeedback.l, /home/bruno/ros_ws/ws_personal/devel/share/roseus/ros/dope_skill_msgs/msg/DopeSkillFeedback.l)
Linked: (/home/bruno/ros_ws/ws_personal/devel/.private/dope_skill_msgs/share/roseus/ros/dope_skill_msgs/msg/DopeSkillAction.l, /home/bruno/ros_ws/ws_personal/devel/share/roseus/ros/dope_skill_msgs/msg/DopeSkillAction.l)
Linked: (/home/bruno/ros_ws/ws_personal/devel/.private/dope_skill_msgs/share/roseus/ros/dope_skill_msgs/msg/DopeSkillActionGoal.l, /home/bruno/ros_ws/ws_personal/devel/share/roseus/ros/dope_skill_msgs/msg/DopeSkillActionGoal.l)
Linked: (/home/bruno/ros_ws/ws_personal/devel/.private/dope_skill_msgs/share/roseus/ros/dope_skill_msgs/msg/DopeSkillGoal.l, /home/bruno/ros_ws/ws_personal/devel/share/roseus/ros/dope_skill_msgs/msg/DopeSkillGoal.l)
Linked: (/home/bruno/ros_ws/ws_personal/devel/.private/dope_skill_msgs/share/roseus/ros/dope_skill_msgs/msg/DopeSkillActionFeedback.l, /home/bruno/ros_ws/ws_personal/devel/share/roseus/ros/dope_skill_msgs/msg/DopeSkillActionFeedback.l)
Linked: (/home/bruno/ros_ws/ws_personal/devel/.private/dope_skill_msgs/share/roseus/ros/dope_skill_msgs/msg/DopeSkillResult.l, /home/bruno/ros_ws/ws_personal/devel/share/roseus/ros/dope_skill_msgs/msg/DopeSkillResult.l)
Linked: (/home/bruno/ros_ws/ws_personal/devel/.private/dope_skill_msgs/share/roseus/ros/dope_skill_msgs/msg/DopeSkillActionResult.l, /home/bruno/ros_ws/ws_personal/devel/share/roseus/ros/dope_skill_msgs/msg/DopeSkillActionResult.l)
Linked: (/home/bruno/ros_ws/ws_personal/devel/.private/dope_skill_msgs/share/gennodejs/ros/dope_skill_msgs/_index.js, /home/bruno/ros_ws/ws_personal/devel/share/gennodejs/ros/dope_skill_msgs/_index.js)
Linked: (/home/bruno/ros_ws/ws_personal/devel/.private/dope_skill_msgs/share/gennodejs/ros/dope_skill_msgs/msg/DopeSkillResult.js, /home/bruno/ros_ws/ws_personal/devel/share/gennodejs/ros/dope_skill_msgs/msg/DopeSkillResult.js)
Linked: (/home/bruno/ros_ws/ws_personal/devel/.private/dope_skill_msgs/share/gennodejs/ros/dope_skill_msgs/msg/DopeSkillAction.js, /home/bruno/ros_ws/ws_personal/devel/share/gennodejs/ros/dope_skill_msgs/msg/DopeSkillAction.js)
Linked: (/home/bruno/ros_ws/ws_personal/devel/.private/dope_skill_msgs/share/gennodejs/ros/dope_skill_msgs/msg/DopeSkillFeedback.js, /home/bruno/ros_ws/ws_personal/devel/share/gennodejs/ros/dope_skill_msgs/msg/DopeSkillFeedback.js)
Linked: (/home/bruno/ros_ws/ws_personal/devel/.private/dope_skill_msgs/share/gennodejs/ros/dope_skill_msgs/msg/DopeSkillGoal.js, /home/bruno/ros_ws/ws_personal/devel/share/gennodejs/ros/dope_skill_msgs/msg/DopeSkillGoal.js)
Linked: (/home/bruno/ros_ws/ws_personal/devel/.private/dope_skill_msgs/share/gennodejs/ros/dope_skill_msgs/msg/_index.js, /home/bruno/ros_ws/ws_personal/devel/share/gennodejs/ros/dope_skill_msgs/msg/_index.js)
Linked: (/home/bruno/ros_ws/ws_personal/devel/.private/dope_skill_msgs/share/gennodejs/ros/dope_skill_msgs/msg/DopeSkillActionFeedback.js, /home/bruno/ros_ws/ws_personal/devel/share/gennodejs/ros/dope_skill_msgs/msg/DopeSkillActionFeedback.js)
Linked: (/home/bruno/ros_ws/ws_personal/devel/.private/dope_skill_msgs/share/gennodejs/ros/dope_skill_msgs/msg/DopeSkillActionGoal.js, /home/bruno/ros_ws/ws_personal/devel/share/gennodejs/ros/dope_skill_msgs/msg/DopeSkillActionGoal.js)
Linked: (/home/bruno/ros_ws/ws_personal/devel/.private/dope_skill_msgs/share/gennodejs/ros/dope_skill_msgs/msg/DopeSkillActionResult.js, /home/bruno/ros_ws/ws_personal/devel/share/gennodejs/ros/dope_skill_msgs/msg/DopeSkillActionResult.js)
Linked: (/home/bruno/ros_ws/ws_personal/devel/.private/dope_skill_msgs/share/dope_skill_msgs/msg/DopeSkillGoal.msg, /home/bruno/ros_ws/ws_personal/devel/share/dope_skill_msgs/msg/DopeSkillGoal.msg)
Linked: (/home/bruno/ros_ws/ws_personal/devel/.private/dope_skill_msgs/share/dope_skill_msgs/msg/DopeSkillActionFeedback.msg, /home/bruno/ros_ws/ws_personal/devel/share/dope_skill_msgs/msg/DopeSkillActionFeedback.msg)
Linked: (/home/bruno/ros_ws/ws_personal/devel/.private/dope_skill_msgs/share/dope_skill_msgs/msg/DopeSkillActionGoal.msg, /home/bruno/ros_ws/ws_personal/devel/share/dope_skill_msgs/msg/DopeSkillActionGoal.msg)
Linked: (/home/bruno/ros_ws/ws_personal/devel/.private/dope_skill_msgs/share/dope_skill_msgs/msg/DopeSkillAction.msg, /home/bruno/ros_ws/ws_personal/devel/share/dope_skill_msgs/msg/DopeSkillAction.msg)
Linked: (/home/bruno/ros_ws/ws_personal/devel/.private/dope_skill_msgs/share/dope_skill_msgs/msg/DopeSkillActionResult.msg, /home/bruno/ros_ws/ws_personal/devel/share/dope_skill_msgs/msg/DopeSkillActionResult.msg)
Linked: (/home/bruno/ros_ws/ws_personal/devel/.private/dope_skill_msgs/share/dope_skill_msgs/msg/DopeSkillResult.msg, /home/bruno/ros_ws/ws_personal/devel/share/dope_skill_msgs/msg/DopeSkillResult.msg)
Linked: (/home/bruno/ros_ws/ws_personal/devel/.private/dope_skill_msgs/share/dope_skill_msgs/msg/DopeSkillFeedback.msg, /home/bruno/ros_ws/ws_personal/devel/share/dope_skill_msgs/msg/DopeSkillFeedback.msg)
Linked: (/home/bruno/ros_ws/ws_personal/devel/.private/dope_skill_msgs/share/dope_skill_msgs/cmake/dope_skill_msgs-msg-extras.cmake, /home/bruno/ros_ws/ws_personal/devel/share/dope_skill_msgs/cmake/dope_skill_msgs-msg-extras.cmake)
Linked: (/home/bruno/ros_ws/ws_personal/devel/.private/dope_skill_msgs/share/dope_skill_msgs/cmake/dope_skill_msgs-msg-paths.cmake, /home/bruno/ros_ws/ws_personal/devel/share/dope_skill_msgs/cmake/dope_skill_msgs-msg-paths.cmake)
Linked: (/home/bruno/ros_ws/ws_personal/devel/.private/dope_skill_msgs/share/dope_skill_msgs/cmake/dope_skill_msgsConfig.cmake, /home/bruno/ros_ws/ws_personal/devel/share/dope_skill_msgs/cmake/dope_skill_msgsConfig.cmake)
Linked: (/home/bruno/ros_ws/ws_personal/devel/.private/dope_skill_msgs/share/dope_skill_msgs/cmake/dope_skill_msgsConfig-version.cmake, /home/bruno/ros_ws/ws_personal/devel/share/dope_skill_msgs/cmake/dope_skill_msgsConfig-version.cmake)
Linked: (/home/bruno/ros_ws/ws_personal/devel/.private/dope_skill_msgs/lib/python3/dist-packages/dope_skill_msgs/__init__.py, /home/bruno/ros_ws/ws_personal/devel/lib/python3/dist-packages/dope_skill_msgs/__init__.py)
Linked: (/home/bruno/ros_ws/ws_personal/devel/.private/dope_skill_msgs/lib/python3/dist-packages/dope_skill_msgs/msg/_DopeSkillResult.py, /home/bruno/ros_ws/ws_personal/devel/lib/python3/dist-packages/dope_skill_msgs/msg/_DopeSkillResult.py)
Linked: (/home/bruno/ros_ws/ws_personal/devel/.private/dope_skill_msgs/lib/python3/dist-packages/dope_skill_msgs/msg/_DopeSkillActionGoal.py, /home/bruno/ros_ws/ws_personal/devel/lib/python3/dist-packages/dope_skill_msgs/msg/_DopeSkillActionGoal.py)
Linked: (/home/bruno/ros_ws/ws_personal/devel/.private/dope_skill_msgs/lib/python3/dist-packages/dope_skill_msgs/msg/_DopeSkillActionResult.py, /home/bruno/ros_ws/ws_personal/devel/lib/python3/dist-packages/dope_skill_msgs/msg/_DopeSkillActionResult.py)
Linked: (/home/bruno/ros_ws/ws_personal/devel/.private/dope_skill_msgs/lib/python3/dist-packages/dope_skill_msgs/msg/_DopeSkillAction.py, /home/bruno/ros_ws/ws_personal/devel/lib/python3/dist-packages/dope_skill_msgs/msg/_DopeSkillAction.py)
Linked: (/home/bruno/ros_ws/ws_personal/devel/.private/dope_skill_msgs/lib/python3/dist-packages/dope_skill_msgs/msg/__init__.py, /home/bruno/ros_ws/ws_personal/devel/lib/python3/dist-packages/dope_skill_msgs/msg/__init__.py)
Linked: (/home/bruno/ros_ws/ws_personal/devel/.private/dope_skill_msgs/lib/python3/dist-packages/dope_skill_msgs/msg/_DopeSkillActionFeedback.py, /home/bruno/ros_ws/ws_personal/devel/lib/python3/dist-packages/dope_skill_msgs/msg/_DopeSkillActionFeedback.py)
Linked: (/home/bruno/ros_ws/ws_personal/devel/.private/dope_skill_msgs/lib/python3/dist-packages/dope_skill_msgs/msg/_DopeSkillFeedback.py, /home/bruno/ros_ws/ws_personal/devel/lib/python3/dist-packages/dope_skill_msgs/msg/_DopeSkillFeedback.py)
Linked: (/home/bruno/ros_ws/ws_personal/devel/.private/dope_skill_msgs/lib/python3/dist-packages/dope_skill_msgs/msg/_DopeSkillGoal.py, /home/bruno/ros_ws/ws_personal/devel/lib/python3/dist-packages/dope_skill_msgs/msg/_DopeSkillGoal.py)
Linked: (/home/bruno/ros_ws/ws_personal/devel/.private/dope_skill_msgs/lib/pkgconfig/dope_skill_msgs.pc, /home/bruno/ros_ws/ws_personal/devel/lib/pkgconfig/dope_skill_msgs.pc)
Linked: (/home/bruno/ros_ws/ws_personal/devel/.private/dope_skill_msgs/include/dope_skill_msgs/DopeSkillActionGoal.h, /home/bruno/ros_ws/ws_personal/devel/include/dope_skill_msgs/DopeSkillActionGoal.h)
Linked: (/home/bruno/ros_ws/ws_personal/devel/.private/dope_skill_msgs/include/dope_skill_msgs/DopeSkillGoal.h, /home/bruno/ros_ws/ws_personal/devel/include/dope_skill_msgs/DopeSkillGoal.h)
Linked: (/home/bruno/ros_ws/ws_personal/devel/.private/dope_skill_msgs/include/dope_skill_msgs/DopeSkillAction.h, /home/bruno/ros_ws/ws_personal/devel/include/dope_skill_msgs/DopeSkillAction.h)
Linked: (/home/bruno/ros_ws/ws_personal/devel/.private/dope_skill_msgs/include/dope_skill_msgs/DopeSkillResult.h, /home/bruno/ros_ws/ws_personal/devel/include/dope_skill_msgs/DopeSkillResult.h)
Linked: (/home/bruno/ros_ws/ws_personal/devel/.private/dope_skill_msgs/include/dope_skill_msgs/DopeSkillActionFeedback.h, /home/bruno/ros_ws/ws_personal/devel/include/dope_skill_msgs/DopeSkillActionFeedback.h)
Linked: (/home/bruno/ros_ws/ws_personal/devel/.private/dope_skill_msgs/include/dope_skill_msgs/DopeSkillActionResult.h, /home/bruno/ros_ws/ws_personal/devel/include/dope_skill_msgs/DopeSkillActionResult.h)
Linked: (/home/bruno/ros_ws/ws_personal/devel/.private/dope_skill_msgs/include/dope_skill_msgs/DopeSkillFeedback.h, /home/bruno/ros_ws/ws_personal/devel/include/dope_skill_msgs/DopeSkillFeedback.h)
