[35m[1mScanning dependencies of target _image_segmentation_skill_msgs_generate_messages_check_deps_ImageSegmentationSkillActionFeedback[0m
[35m[1mScanning dependencies of target _image_segmentation_skill_msgs_generate_messages_check_deps_ImageSegmentationSkillActionResult[0m
[35m[1mScanning dependencies of target std_msgs_generate_messages_cpp[0m
[35m[1mScanning dependencies of target _image_segmentation_skill_msgs_generate_messages_check_deps_MaskDefinition[0m
[35m[1mScanning dependencies of target actionlib_msgs_generate_messages_cpp[0m
[35m[1mScanning dependencies of target _image_segmentation_skill_msgs_generate_messages_check_deps_ImageSegmentationSkillActionGoal[0m
[35m[1mScanning dependencies of target _image_segmentation_skill_msgs_generate_messages_check_deps_ImageSegmentationSkillResult[0m
[35m[1mScanning dependencies of target _image_segmentation_skill_msgs_generate_messages_check_deps_ImageSegmentationSkillAction[0m
[35m[1mScanning dependencies of target _image_segmentation_skill_msgs_generate_messages_check_deps_ImageSegmentationSkillGoal[0m
[35m[1mScanning dependencies of target _image_segmentation_skill_msgs_generate_messages_check_deps_ImageSegmentationSkillFeedback[0m
[35m[1mScanning dependencies of target sensor_msgs_generate_messages_cpp[0m
[  0%] Built target std_msgs_generate_messages_cpp
[  0%] Built target actionlib_msgs_generate_messages_cpp
[  0%] Built target sensor_msgs_generate_messages_cpp
[35m[1mScanning dependencies of target actionlib_msgs_generate_messages_py[0m
[35m[1mScanning dependencies of target std_msgs_generate_messages_py[0m
[35m[1mScanning dependencies of target sensor_msgs_generate_messages_py[0m
[  0%] Built target actionlib_msgs_generate_messages_py
[  0%] Built target std_msgs_generate_messages_py
[35m[1mScanning dependencies of target actionlib_msgs_generate_messages_nodejs[0m
[  0%] Built target _image_segmentation_skill_msgs_generate_messages_check_deps_MaskDefinition
[35m[1mScanning dependencies of target sensor_msgs_generate_messages_nodejs[0m
[  0%] Built target sensor_msgs_generate_messages_py
[  0%] Built target _image_segmentation_skill_msgs_generate_messages_check_deps_ImageSegmentationSkillActionFeedback
[  0%] Built target _image_segmentation_skill_msgs_generate_messages_check_deps_ImageSegmentationSkillActionResult
[  0%] Built target _image_segmentation_skill_msgs_generate_messages_check_deps_ImageSegmentationSkillResult
[  0%] Built target _image_segmentation_skill_msgs_generate_messages_check_deps_ImageSegmentationSkillGoal
[  0%] Built target _image_segmentation_skill_msgs_generate_messages_check_deps_ImageSegmentationSkillAction
[35m[1mScanning dependencies of target std_msgs_generate_messages_nodejs[0m
[  0%] Built target _image_segmentation_skill_msgs_generate_messages_check_deps_ImageSegmentationSkillActionGoal
[  0%] Built target _image_segmentation_skill_msgs_generate_messages_check_deps_ImageSegmentationSkillFeedback
[  0%] Built target sensor_msgs_generate_messages_nodejs
[35m[1mScanning dependencies of target actionlib_msgs_generate_messages_lisp[0m
[35m[1mScanning dependencies of target std_msgs_generate_messages_lisp[0m
[  0%] Built target actionlib_msgs_generate_messages_nodejs
[35m[1mScanning dependencies of target std_msgs_generate_messages_eus[0m
[35m[1mScanning dependencies of target sensor_msgs_generate_messages_lisp[0m
[35m[1mScanning dependencies of target actionlib_msgs_generate_messages_eus[0m
[  0%] Built target std_msgs_generate_messages_nodejs
[35m[1mScanning dependencies of target image_segmentation_skill_msgs_generate_messages_py[0m
[35m[1mScanning dependencies of target sensor_msgs_generate_messages_eus[0m
[  0%] Built target std_msgs_generate_messages_lisp
[35m[1mScanning dependencies of target image_segmentation_skill_msgs_generate_messages_cpp[0m
[  0%] Built target actionlib_msgs_generate_messages_lisp
[  0%] Built target std_msgs_generate_messages_eus
[  0%] Built target sensor_msgs_generate_messages_lisp
[  0%] Built target actionlib_msgs_generate_messages_eus
[35m[1mScanning dependencies of target image_segmentation_skill_msgs_generate_messages_nodejs[0m
[  2%] [34m[1mGenerating Python from MSG image_segmentation_skill_msgs/ImageSegmentationSkillActionGoal[0m
[  4%] [34m[1mGenerating Python from MSG image_segmentation_skill_msgs/ImageSegmentationSkillActionResult[0m
[  7%] [34m[1mGenerating Python from MSG image_segmentation_skill_msgs/MaskDefinition[0m
[  7%] Built target sensor_msgs_generate_messages_eus
[  9%] [34m[1mGenerating Python from MSG image_segmentation_skill_msgs/ImageSegmentationSkillGoal[0m
[ 11%] [34m[1mGenerating Python from MSG image_segmentation_skill_msgs/ImageSegmentationSkillAction[0m
[ 14%] [34m[1mGenerating Python from MSG image_segmentation_skill_msgs/ImageSegmentationSkillActionFeedback[0m
[ 16%] [34m[1mGenerating C++ code from image_segmentation_skill_msgs/MaskDefinition.msg[0m
[ 19%] [34m[1mGenerating C++ code from image_segmentation_skill_msgs/ImageSegmentationSkillAction.msg[0m
[ 21%] [34m[1mGenerating Python from MSG image_segmentation_skill_msgs/ImageSegmentationSkillResult[0m
[ 23%] [34m[1mGenerating Javascript code from image_segmentation_skill_msgs/MaskDefinition.msg[0m
[35m[1mScanning dependencies of target image_segmentation_skill_msgs_generate_messages_lisp[0m
[35m[1mScanning dependencies of target image_segmentation_skill_msgs_generate_messages_eus[0m
[ 26%] [34m[1mGenerating Lisp code from image_segmentation_skill_msgs/MaskDefinition.msg[0m
[ 28%] [34m[1mGenerating EusLisp code from image_segmentation_skill_msgs/MaskDefinition.msg[0m
[ 30%] [34m[1mGenerating Javascript code from image_segmentation_skill_msgs/ImageSegmentationSkillAction.msg[0m
[ 33%] [34m[1mGenerating Lisp code from image_segmentation_skill_msgs/ImageSegmentationSkillAction.msg[0m
[ 35%] [34m[1mGenerating EusLisp code from image_segmentation_skill_msgs/ImageSegmentationSkillAction.msg[0m
[ 38%] [34m[1mGenerating EusLisp code from image_segmentation_skill_msgs/ImageSegmentationSkillActionGoal.msg[0m
[ 40%] [34m[1mGenerating Javascript code from image_segmentation_skill_msgs/ImageSegmentationSkillActionGoal.msg[0m
[ 42%] [34m[1mGenerating C++ code from image_segmentation_skill_msgs/ImageSegmentationSkillActionGoal.msg[0m
[ 45%] [34m[1mGenerating Lisp code from image_segmentation_skill_msgs/ImageSegmentationSkillActionGoal.msg[0m
[ 47%] [34m[1mGenerating Javascript code from image_segmentation_skill_msgs/ImageSegmentationSkillActionResult.msg[0m
[ 50%] [34m[1mGenerating EusLisp code from image_segmentation_skill_msgs/ImageSegmentationSkillActionResult.msg[0m
[ 54%] [34m[1mGenerating Lisp code from image_segmentation_skill_msgs/ImageSegmentationSkillActionResult.msg[0m
[ 54%] [34m[1mGenerating Javascript code from image_segmentation_skill_msgs/ImageSegmentationSkillActionFeedback.msg[0m
[ 57%] [34m[1mGenerating C++ code from image_segmentation_skill_msgs/ImageSegmentationSkillActionResult.msg[0m
[ 59%] [34m[1mGenerating Javascript code from image_segmentation_skill_msgs/ImageSegmentationSkillGoal.msg[0m
[ 64%] [34m[1mGenerating Python from MSG image_segmentation_skill_msgs/ImageSegmentationSkillFeedback[0m
[ 64%] [34m[1mGenerating Javascript code from image_segmentation_skill_msgs/ImageSegmentationSkillResult.msg[0m
[ 66%] [34m[1mGenerating Lisp code from image_segmentation_skill_msgs/ImageSegmentationSkillActionFeedback.msg[0m
[ 69%] [34m[1mGenerating C++ code from image_segmentation_skill_msgs/ImageSegmentationSkillActionFeedback.msg[0m
[ 71%] [34m[1mGenerating Lisp code from image_segmentation_skill_msgs/ImageSegmentationSkillGoal.msg[0m
[ 73%] [34m[1mGenerating Lisp code from image_segmentation_skill_msgs/ImageSegmentationSkillResult.msg[0m
[ 76%] [34m[1mGenerating C++ code from image_segmentation_skill_msgs/ImageSegmentationSkillGoal.msg[0m
[ 78%] [34m[1mGenerating Lisp code from image_segmentation_skill_msgs/ImageSegmentationSkillFeedback.msg[0m
[ 80%] [34m[1mGenerating C++ code from image_segmentation_skill_msgs/ImageSegmentationSkillResult.msg[0m
[ 83%] [34m[1mGenerating C++ code from image_segmentation_skill_msgs/ImageSegmentationSkillFeedback.msg[0m
[ 85%] [34m[1mGenerating Javascript code from image_segmentation_skill_msgs/ImageSegmentationSkillFeedback.msg[0m
[ 90%] [34m[1mGenerating EusLisp code from image_segmentation_skill_msgs/ImageSegmentationSkillGoal.msg[0m
[ 88%] [34m[1mGenerating EusLisp code from image_segmentation_skill_msgs/ImageSegmentationSkillActionFeedback.msg[0m
[ 92%] [34m[1mGenerating EusLisp code from image_segmentation_skill_msgs/ImageSegmentationSkillResult.msg[0m
[ 95%] [34m[1mGenerating EusLisp code from image_segmentation_skill_msgs/ImageSegmentationSkillFeedback.msg[0m
[ 95%] Built target image_segmentation_skill_msgs_generate_messages_nodejs
[ 95%] Built target image_segmentation_skill_msgs_generate_messages_lisp
[ 97%] [34m[1mGenerating EusLisp manifest code for image_segmentation_skill_msgs[0m
[100%] [34m[1mGenerating Python msg __init__.py for image_segmentation_skill_msgs[0m
[100%] Built target image_segmentation_skill_msgs_generate_messages_cpp
[100%] Built target image_segmentation_skill_msgs_generate_messages_py
[100%] Built target image_segmentation_skill_msgs_generate_messages_eus
[35m[1mScanning dependencies of target image_segmentation_skill_msgs_generate_messages[0m
[100%] Built target image_segmentation_skill_msgs_generate_messages
