Symlinking /home/bruno/ros_ws/ws_personal/devel/share/image_segmentation_skill_msgs/msg/ImageSegmentationSkillGoal.msg
Symlinking /home/bruno/ros_ws/ws_personal/devel/share/image_segmentation_skill_msgs/msg/ImageSegmentationSkillAction.msg
Symlinking /home/bruno/ros_ws/ws_personal/devel/share/image_segmentation_skill_msgs/msg/ImageSegmentationSkillActionFeedback.msg
Symlinking /home/bruno/ros_ws/ws_personal/devel/share/image_segmentation_skill_msgs/msg/ImageSegmentationSkillResult.msg
Symlinking /home/bruno/ros_ws/ws_personal/devel/share/image_segmentation_skill_msgs/msg/ImageSegmentationSkillActionGoal.msg
Symlinking /home/bruno/ros_ws/ws_personal/devel/share/image_segmentation_skill_msgs/msg/ImageSegmentationSkillActionResult.msg
Symlinking /home/bruno/ros_ws/ws_personal/devel/share/image_segmentation_skill_msgs/msg/ImageSegmentationSkillFeedback.msg
Symlinking /home/bruno/ros_ws/ws_personal/devel/share/image_segmentation_skill_msgs/cmake/image_segmentation_skill_msgs-msg-paths.cmake
Symlinking /home/bruno/ros_ws/ws_personal/devel/share/image_segmentation_skill_msgs/cmake/image_segmentation_skill_msgsConfig.cmake
Symlinking /home/bruno/ros_ws/ws_personal/devel/share/image_segmentation_skill_msgs/cmake/image_segmentation_skill_msgs-msg-extras.cmake
Symlinking /home/bruno/ros_ws/ws_personal/devel/share/image_segmentation_skill_msgs/cmake/image_segmentation_skill_msgsConfig-version.cmake
Symlinking /home/bruno/ros_ws/ws_personal/devel/share/common-lisp/ros/image_segmentation_skill_msgs/msg/image_segmentation_skill_msgs-msg.asd
Symlinking /home/bruno/ros_ws/ws_personal/devel/share/common-lisp/ros/image_segmentation_skill_msgs/msg/ImageSegmentationSkillActionFeedback.lisp
Symlinking /home/bruno/ros_ws/ws_personal/devel/share/common-lisp/ros/image_segmentation_skill_msgs/msg/ImageSegmentationSkillResult.lisp
Symlinking /home/bruno/ros_ws/ws_personal/devel/share/common-lisp/ros/image_segmentation_skill_msgs/msg/_package_ImageSegmentationSkillActionResult.lisp
Symlinking /home/bruno/ros_ws/ws_personal/devel/share/common-lisp/ros/image_segmentation_skill_msgs/msg/_package_ImageSegmentationSkillActionFeedback.lisp
Symlinking /home/bruno/ros_ws/ws_personal/devel/share/common-lisp/ros/image_segmentation_skill_msgs/msg/_package_ImageSegmentationSkillGoal.lisp
Symlinking /home/bruno/ros_ws/ws_personal/devel/share/common-lisp/ros/image_segmentation_skill_msgs/msg/_package_ImageSegmentationSkillResult.lisp
Symlinking /home/bruno/ros_ws/ws_personal/devel/share/common-lisp/ros/image_segmentation_skill_msgs/msg/ImageSegmentationSkillGoal.lisp
Symlinking /home/bruno/ros_ws/ws_personal/devel/share/common-lisp/ros/image_segmentation_skill_msgs/msg/ImageSegmentationSkillActionGoal.lisp
Symlinking /home/bruno/ros_ws/ws_personal/devel/share/common-lisp/ros/image_segmentation_skill_msgs/msg/ImageSegmentationSkillFeedback.lisp
Symlinking /home/bruno/ros_ws/ws_personal/devel/share/common-lisp/ros/image_segmentation_skill_msgs/msg/_package_ImageSegmentationSkillFeedback.lisp
Symlinking /home/bruno/ros_ws/ws_personal/devel/share/common-lisp/ros/image_segmentation_skill_msgs/msg/_package_ImageSegmentationSkillActionGoal.lisp
Symlinking /home/bruno/ros_ws/ws_personal/devel/share/common-lisp/ros/image_segmentation_skill_msgs/msg/ImageSegmentationSkillActionResult.lisp
Symlinking /home/bruno/ros_ws/ws_personal/devel/share/common-lisp/ros/image_segmentation_skill_msgs/msg/MaskDefinition.lisp
Symlinking /home/bruno/ros_ws/ws_personal/devel/share/common-lisp/ros/image_segmentation_skill_msgs/msg/_package.lisp
Symlinking /home/bruno/ros_ws/ws_personal/devel/share/common-lisp/ros/image_segmentation_skill_msgs/msg/_package_ImageSegmentationSkillAction.lisp
Symlinking /home/bruno/ros_ws/ws_personal/devel/share/common-lisp/ros/image_segmentation_skill_msgs/msg/_package_MaskDefinition.lisp
Symlinking /home/bruno/ros_ws/ws_personal/devel/share/common-lisp/ros/image_segmentation_skill_msgs/msg/ImageSegmentationSkillAction.lisp
Symlinking /home/bruno/ros_ws/ws_personal/devel/share/roseus/ros/image_segmentation_skill_msgs/manifest.l
Symlinking /home/bruno/ros_ws/ws_personal/devel/share/roseus/ros/image_segmentation_skill_msgs/msg/ImageSegmentationSkillActionGoal.l
Symlinking /home/bruno/ros_ws/ws_personal/devel/share/roseus/ros/image_segmentation_skill_msgs/msg/MaskDefinition.l
Symlinking /home/bruno/ros_ws/ws_personal/devel/share/roseus/ros/image_segmentation_skill_msgs/msg/ImageSegmentationSkillActionFeedback.l
Symlinking /home/bruno/ros_ws/ws_personal/devel/share/roseus/ros/image_segmentation_skill_msgs/msg/ImageSegmentationSkillAction.l
Symlinking /home/bruno/ros_ws/ws_personal/devel/share/roseus/ros/image_segmentation_skill_msgs/msg/ImageSegmentationSkillResult.l
Symlinking /home/bruno/ros_ws/ws_personal/devel/share/roseus/ros/image_segmentation_skill_msgs/msg/ImageSegmentationSkillFeedback.l
Symlinking /home/bruno/ros_ws/ws_personal/devel/share/roseus/ros/image_segmentation_skill_msgs/msg/ImageSegmentationSkillGoal.l
Symlinking /home/bruno/ros_ws/ws_personal/devel/share/roseus/ros/image_segmentation_skill_msgs/msg/ImageSegmentationSkillActionResult.l
Symlinking /home/bruno/ros_ws/ws_personal/devel/share/gennodejs/ros/image_segmentation_skill_msgs/_index.js
Symlinking /home/bruno/ros_ws/ws_personal/devel/share/gennodejs/ros/image_segmentation_skill_msgs/msg/MaskDefinition.js
Symlinking /home/bruno/ros_ws/ws_personal/devel/share/gennodejs/ros/image_segmentation_skill_msgs/msg/ImageSegmentationSkillGoal.js
Symlinking /home/bruno/ros_ws/ws_personal/devel/share/gennodejs/ros/image_segmentation_skill_msgs/msg/ImageSegmentationSkillActionFeedback.js
Symlinking /home/bruno/ros_ws/ws_personal/devel/share/gennodejs/ros/image_segmentation_skill_msgs/msg/ImageSegmentationSkillActionGoal.js
Symlinking /home/bruno/ros_ws/ws_personal/devel/share/gennodejs/ros/image_segmentation_skill_msgs/msg/ImageSegmentationSkillAction.js
Symlinking /home/bruno/ros_ws/ws_personal/devel/share/gennodejs/ros/image_segmentation_skill_msgs/msg/ImageSegmentationSkillResult.js
Symlinking /home/bruno/ros_ws/ws_personal/devel/share/gennodejs/ros/image_segmentation_skill_msgs/msg/_index.js
Symlinking /home/bruno/ros_ws/ws_personal/devel/share/gennodejs/ros/image_segmentation_skill_msgs/msg/ImageSegmentationSkillFeedback.js
Symlinking /home/bruno/ros_ws/ws_personal/devel/share/gennodejs/ros/image_segmentation_skill_msgs/msg/ImageSegmentationSkillActionResult.js
Symlinking /home/bruno/ros_ws/ws_personal/devel/lib/python3/dist-packages/image_segmentation_skill_msgs/__init__.py
Symlinking /home/bruno/ros_ws/ws_personal/devel/lib/python3/dist-packages/image_segmentation_skill_msgs/msg/_ImageSegmentationSkillResult.py
Symlinking /home/bruno/ros_ws/ws_personal/devel/lib/python3/dist-packages/image_segmentation_skill_msgs/msg/_ImageSegmentationSkillActionFeedback.py
Symlinking /home/bruno/ros_ws/ws_personal/devel/lib/python3/dist-packages/image_segmentation_skill_msgs/msg/_MaskDefinition.py
Symlinking /home/bruno/ros_ws/ws_personal/devel/lib/python3/dist-packages/image_segmentation_skill_msgs/msg/__init__.py
Symlinking /home/bruno/ros_ws/ws_personal/devel/lib/python3/dist-packages/image_segmentation_skill_msgs/msg/_ImageSegmentationSkillActionGoal.py
Symlinking /home/bruno/ros_ws/ws_personal/devel/lib/python3/dist-packages/image_segmentation_skill_msgs/msg/_ImageSegmentationSkillGoal.py
Symlinking /home/bruno/ros_ws/ws_personal/devel/lib/python3/dist-packages/image_segmentation_skill_msgs/msg/_ImageSegmentationSkillAction.py
Symlinking /home/bruno/ros_ws/ws_personal/devel/lib/python3/dist-packages/image_segmentation_skill_msgs/msg/_ImageSegmentationSkillFeedback.py
Symlinking /home/bruno/ros_ws/ws_personal/devel/lib/python3/dist-packages/image_segmentation_skill_msgs/msg/_ImageSegmentationSkillActionResult.py
Symlinking /home/bruno/ros_ws/ws_personal/devel/lib/pkgconfig/image_segmentation_skill_msgs.pc
Symlinking /home/bruno/ros_ws/ws_personal/devel/include/image_segmentation_skill_msgs/MaskDefinition.h
Symlinking /home/bruno/ros_ws/ws_personal/devel/include/image_segmentation_skill_msgs/ImageSegmentationSkillGoal.h
Symlinking /home/bruno/ros_ws/ws_personal/devel/include/image_segmentation_skill_msgs/ImageSegmentationSkillActionFeedback.h
Symlinking /home/bruno/ros_ws/ws_personal/devel/include/image_segmentation_skill_msgs/ImageSegmentationSkillAction.h
Symlinking /home/bruno/ros_ws/ws_personal/devel/include/image_segmentation_skill_msgs/ImageSegmentationSkillActionResult.h
Symlinking /home/bruno/ros_ws/ws_personal/devel/include/image_segmentation_skill_msgs/ImageSegmentationSkillResult.h
Symlinking /home/bruno/ros_ws/ws_personal/devel/include/image_segmentation_skill_msgs/ImageSegmentationSkillActionGoal.h
Symlinking /home/bruno/ros_ws/ws_personal/devel/include/image_segmentation_skill_msgs/ImageSegmentationSkillFeedback.h
